

Processing Rails::InfoController#properties (for 127.0.0.1 at 2011-01-08 11:03:11) [GET]
  [4;36;1mSQL (1.8ms)[0m   [0;1m SELECT name
 FROM sqlite_master
 WHERE type = 'table' AND NOT name = 'sqlite_sequence'
[0m
Completed in 109ms (View: 5, DB: 2) | 200 OK [http://localhost/rails/info/properties]


Processing ApplicationController#index (for 127.0.0.1 at 2011-01-08 11:54:22) [GET]

ActionController::RoutingError (No route matches "/veedu/" with {:method=>:get}):
  /usr/lib/ruby/1.8/action_controller/routing/recognition_optimisation.rb:66:in `recognize_path'
  /usr/lib/ruby/1.8/action_controller/routing/route_set.rb:441:in `recognize'
  /usr/lib/ruby/1.8/action_controller/routing/route_set.rb:436:in `call'
  /usr/lib/ruby/1.8/action_controller/dispatcher.rb:87:in `dispatch'
  /usr/lib/ruby/1.8/action_controller/dispatcher.rb:121:in `_call'
  /usr/lib/ruby/1.8/action_controller/dispatcher.rb:130:in `build_middleware_stack'
  /usr/lib/ruby/1.8/active_record/query_cache.rb:29:in `call'
  /usr/lib/ruby/1.8/active_record/query_cache.rb:29:in `call'
  /usr/lib/ruby/1.8/active_record/connection_adapters/abstract/query_cache.rb:34:in `cache'
  /usr/lib/ruby/1.8/active_record/query_cache.rb:9:in `cache'
  /usr/lib/ruby/1.8/active_record/query_cache.rb:28:in `call'
  /usr/lib/ruby/1.8/active_record/connection_adapters/abstract/connection_pool.rb:361:in `call'
  /usr/lib/ruby/1.8/action_controller/string_coercion.rb:25:in `call'
  /usr/lib/ruby/1.8/rack/head.rb:9:in `call'
  /usr/lib/ruby/1.8/rack/methodoverride.rb:24:in `call'
  /usr/lib/ruby/1.8/action_controller/params_parser.rb:15:in `call'
  /usr/lib/ruby/1.8/action_controller/session/cookie_store.rb:93:in `call'
  /usr/lib/ruby/1.8/action_controller/failsafe.rb:26:in `call'
  /usr/lib/ruby/1.8/rack/lock.rb:11:in `call'
  /usr/lib/ruby/1.8/rack/lock.rb:11:in `synchronize'
  /usr/lib/ruby/1.8/rack/lock.rb:11:in `call'
  /usr/lib/ruby/1.8/action_controller/dispatcher.rb:114:in `call'
  /usr/lib/ruby/1.8/action_controller/reloader.rb:34:in `run'
  /usr/lib/ruby/1.8/action_controller/dispatcher.rb:108:in `call'
  /usr/lib/ruby/1.8/rack/urlmap.rb:47:in `call'
  /usr/lib/ruby/1.8/rack/urlmap.rb:41:in `each'
  /usr/lib/ruby/1.8/rack/urlmap.rb:41:in `call'
  /usr/lib/ruby/1.8/rack/content_length.rb:13:in `call'
  /usr/lib/ruby/1.8/rack/handler/webrick.rb:48:in `service'
  /usr/lib/ruby/1.8/webrick/httpserver.rb:104:in `service'
  /usr/lib/ruby/1.8/webrick/httpserver.rb:65:in `run'
  /usr/lib/ruby/1.8/webrick/server.rb:173:in `start_thread'
  /usr/lib/ruby/1.8/webrick/server.rb:162:in `start'
  /usr/lib/ruby/1.8/webrick/server.rb:162:in `start_thread'
  /usr/lib/ruby/1.8/webrick/server.rb:95:in `start'
  /usr/lib/ruby/1.8/webrick/server.rb:92:in `each'
  /usr/lib/ruby/1.8/webrick/server.rb:92:in `start'
  /usr/lib/ruby/1.8/webrick/server.rb:23:in `start'
  /usr/lib/ruby/1.8/webrick/server.rb:82:in `start'
  /usr/lib/ruby/1.8/rack/handler/webrick.rb:14:in `run'

Rendering rescues/layout (not_found)


Processing ApplicationController#index (for 127.0.0.1 at 2011-01-08 11:54:27) [GET]

ActionController::RoutingError (No route matches "/veedu/vaasal" with {:method=>:get}):
  /usr/lib/ruby/1.8/action_controller/routing/recognition_optimisation.rb:66:in `recognize_path'
  /usr/lib/ruby/1.8/action_controller/routing/route_set.rb:441:in `recognize'
  /usr/lib/ruby/1.8/action_controller/routing/route_set.rb:436:in `call'
  /usr/lib/ruby/1.8/action_controller/dispatcher.rb:87:in `dispatch'
  /usr/lib/ruby/1.8/action_controller/dispatcher.rb:121:in `_call'
  /usr/lib/ruby/1.8/action_controller/dispatcher.rb:130:in `build_middleware_stack'
  /usr/lib/ruby/1.8/active_record/query_cache.rb:29:in `call'
  /usr/lib/ruby/1.8/active_record/query_cache.rb:29:in `call'
  /usr/lib/ruby/1.8/active_record/connection_adapters/abstract/query_cache.rb:34:in `cache'
  /usr/lib/ruby/1.8/active_record/query_cache.rb:9:in `cache'
  /usr/lib/ruby/1.8/active_record/query_cache.rb:28:in `call'
  /usr/lib/ruby/1.8/active_record/connection_adapters/abstract/connection_pool.rb:361:in `call'
  /usr/lib/ruby/1.8/action_controller/string_coercion.rb:25:in `call'
  /usr/lib/ruby/1.8/rack/head.rb:9:in `call'
  /usr/lib/ruby/1.8/rack/methodoverride.rb:24:in `call'
  /usr/lib/ruby/1.8/action_controller/params_parser.rb:15:in `call'
  /usr/lib/ruby/1.8/action_controller/session/cookie_store.rb:93:in `call'
  /usr/lib/ruby/1.8/action_controller/failsafe.rb:26:in `call'
  /usr/lib/ruby/1.8/rack/lock.rb:11:in `call'
  /usr/lib/ruby/1.8/rack/lock.rb:11:in `synchronize'
  /usr/lib/ruby/1.8/rack/lock.rb:11:in `call'
  /usr/lib/ruby/1.8/action_controller/dispatcher.rb:114:in `call'
  /usr/lib/ruby/1.8/action_controller/reloader.rb:34:in `run'
  /usr/lib/ruby/1.8/action_controller/dispatcher.rb:108:in `call'
  /usr/lib/ruby/1.8/rack/urlmap.rb:47:in `call'
  /usr/lib/ruby/1.8/rack/urlmap.rb:41:in `each'
  /usr/lib/ruby/1.8/rack/urlmap.rb:41:in `call'
  /usr/lib/ruby/1.8/rack/content_length.rb:13:in `call'
  /usr/lib/ruby/1.8/rack/handler/webrick.rb:48:in `service'
  /usr/lib/ruby/1.8/webrick/httpserver.rb:104:in `service'
  /usr/lib/ruby/1.8/webrick/httpserver.rb:65:in `run'
  /usr/lib/ruby/1.8/webrick/server.rb:173:in `start_thread'
  /usr/lib/ruby/1.8/webrick/server.rb:162:in `start'
  /usr/lib/ruby/1.8/webrick/server.rb:162:in `start_thread'
  /usr/lib/ruby/1.8/webrick/server.rb:95:in `start'
  /usr/lib/ruby/1.8/webrick/server.rb:92:in `each'
  /usr/lib/ruby/1.8/webrick/server.rb:92:in `start'
  /usr/lib/ruby/1.8/webrick/server.rb:23:in `start'
  /usr/lib/ruby/1.8/webrick/server.rb:82:in `start'
  /usr/lib/ruby/1.8/rack/handler/webrick.rb:14:in `run'

Rendering rescues/layout (not_found)


Processing HomeController#index (for 127.0.0.1 at 2011-01-08 12:00:06) [GET]
Rendering home/index
Completed in 23ms (View: 19, DB: 0) | 200 OK [http://localhost/]


Processing HomeController#index (for 127.0.0.1 at 2011-01-08 12:09:30) [GET]
Rendering home/index
Completed in 3ms (View: 1, DB: 0) | 200 OK [http://localhost/]


Processing ApplicationController#index (for 127.0.0.1 at 2011-01-08 12:09:36) [GET]

ActionController::RoutingError (No route matches "/post" with {:method=>:get}):
  /usr/lib/ruby/1.8/action_controller/routing/recognition_optimisation.rb:66:in `recognize_path'
  /usr/lib/ruby/1.8/action_controller/routing/route_set.rb:441:in `recognize'
  /usr/lib/ruby/1.8/action_controller/routing/route_set.rb:436:in `call'
  /usr/lib/ruby/1.8/action_controller/dispatcher.rb:87:in `dispatch'
  /usr/lib/ruby/1.8/action_controller/dispatcher.rb:121:in `_call'
  /usr/lib/ruby/1.8/action_controller/dispatcher.rb:130:in `build_middleware_stack'
  /usr/lib/ruby/1.8/active_record/query_cache.rb:29:in `call'
  /usr/lib/ruby/1.8/active_record/query_cache.rb:29:in `call'
  /usr/lib/ruby/1.8/active_record/connection_adapters/abstract/query_cache.rb:34:in `cache'
  /usr/lib/ruby/1.8/active_record/query_cache.rb:9:in `cache'
  /usr/lib/ruby/1.8/active_record/query_cache.rb:28:in `call'
  /usr/lib/ruby/1.8/active_record/connection_adapters/abstract/connection_pool.rb:361:in `call'
  /usr/lib/ruby/1.8/action_controller/string_coercion.rb:25:in `call'
  /usr/lib/ruby/1.8/rack/head.rb:9:in `call'
  /usr/lib/ruby/1.8/rack/methodoverride.rb:24:in `call'
  /usr/lib/ruby/1.8/action_controller/params_parser.rb:15:in `call'
  /usr/lib/ruby/1.8/action_controller/session/cookie_store.rb:93:in `call'
  /usr/lib/ruby/1.8/action_controller/failsafe.rb:26:in `call'
  /usr/lib/ruby/1.8/rack/lock.rb:11:in `call'
  /usr/lib/ruby/1.8/rack/lock.rb:11:in `synchronize'
  /usr/lib/ruby/1.8/rack/lock.rb:11:in `call'
  /usr/lib/ruby/1.8/action_controller/dispatcher.rb:114:in `call'
  /usr/lib/ruby/1.8/action_controller/reloader.rb:34:in `run'
  /usr/lib/ruby/1.8/action_controller/dispatcher.rb:108:in `call'
  /usr/lib/ruby/1.8/rack/urlmap.rb:47:in `call'
  /usr/lib/ruby/1.8/rack/urlmap.rb:41:in `each'
  /usr/lib/ruby/1.8/rack/urlmap.rb:41:in `call'
  /usr/lib/ruby/1.8/rack/content_length.rb:13:in `call'
  /usr/lib/ruby/1.8/rack/handler/webrick.rb:48:in `service'
  /usr/lib/ruby/1.8/webrick/httpserver.rb:104:in `service'
  /usr/lib/ruby/1.8/webrick/httpserver.rb:65:in `run'
  /usr/lib/ruby/1.8/webrick/server.rb:173:in `start_thread'
  /usr/lib/ruby/1.8/webrick/server.rb:162:in `start'
  /usr/lib/ruby/1.8/webrick/server.rb:162:in `start_thread'
  /usr/lib/ruby/1.8/webrick/server.rb:95:in `start'
  /usr/lib/ruby/1.8/webrick/server.rb:92:in `each'
  /usr/lib/ruby/1.8/webrick/server.rb:92:in `start'
  /usr/lib/ruby/1.8/webrick/server.rb:23:in `start'
  /usr/lib/ruby/1.8/webrick/server.rb:82:in `start'
  /usr/lib/ruby/1.8/rack/handler/webrick.rb:14:in `run'

Rendering rescues/layout (not_found)


Processing PostsController#index (for 127.0.0.1 at 2011-01-08 12:09:39) [GET]
  [4;35;1mPost Load (0.0ms)[0m   [0mSQLite3::SQLException: no such table: posts: SELECT * FROM "posts" [0m

ActiveRecord::StatementInvalid (SQLite3::SQLException: no such table: posts: SELECT * FROM "posts" ):
  /usr/lib/ruby/1.8/active_record/connection_adapters/abstract_adapter.rb:219:in `log'
  /usr/lib/ruby/1.8/active_record/connection_adapters/sqlite_adapter.rb:172:in `execute'
  /usr/lib/ruby/1.8/active_record/connection_adapters/sqlite_adapter.rb:417:in `catch_schema_changes'
  /usr/lib/ruby/1.8/active_record/connection_adapters/sqlite_adapter.rb:172:in `execute'
  /usr/lib/ruby/1.8/active_record/connection_adapters/sqlite_adapter.rb:320:in `select'
  /usr/lib/ruby/1.8/active_record/connection_adapters/abstract/database_statements.rb:7:in `select_all_without_query_cache'
  /usr/lib/ruby/1.8/active_record/connection_adapters/abstract/query_cache.rb:60:in `select_all'
  /usr/lib/ruby/1.8/active_record/connection_adapters/abstract/query_cache.rb:81:in `cache_sql'
  /usr/lib/ruby/1.8/active_record/connection_adapters/abstract/query_cache.rb:60:in `select_all'
  /usr/lib/ruby/1.8/active_record/base.rb:661:in `find_by_sql'
  /usr/lib/ruby/1.8/active_record/base.rb:1548:in `find_every'
  /usr/lib/ruby/1.8/active_record/base.rb:615:in `find'
  /usr/lib/ruby/1.8/active_record/base.rb:635:in `all'
  app/controllers/posts_controller.rb:5:in `index'
  /usr/lib/ruby/1.8/action_controller/base.rb:1331:in `send'
  /usr/lib/ruby/1.8/action_controller/base.rb:1331:in `perform_action_without_filters'
  /usr/lib/ruby/1.8/action_controller/filters.rb:617:in `call_filters'
  /usr/lib/ruby/1.8/action_controller/filters.rb:610:in `perform_action_without_benchmark'
  /usr/lib/ruby/1.8/action_controller/benchmarking.rb:68:in `perform_action_without_rescue'
  /usr/lib/ruby/1.8/action_controller/benchmarking.rb:68:in `perform_action_without_rescue'
  /usr/lib/ruby/1.8/action_controller/rescue.rb:160:in `perform_action_without_flash'
  /usr/lib/ruby/1.8/action_controller/flash.rb:146:in `perform_action'
  /usr/lib/ruby/1.8/action_controller/base.rb:532:in `send'
  /usr/lib/ruby/1.8/action_controller/base.rb:532:in `process_without_filters'
  /usr/lib/ruby/1.8/action_controller/filters.rb:606:in `process'
  /usr/lib/ruby/1.8/action_controller/base.rb:391:in `process'
  /usr/lib/ruby/1.8/action_controller/base.rb:386:in `call'
  /usr/lib/ruby/1.8/action_controller/routing/route_set.rb:437:in `call'
  /usr/lib/ruby/1.8/action_controller/dispatcher.rb:87:in `dispatch'
  /usr/lib/ruby/1.8/action_controller/dispatcher.rb:121:in `_call'
  /usr/lib/ruby/1.8/action_controller/dispatcher.rb:130:in `build_middleware_stack'
  /usr/lib/ruby/1.8/active_record/query_cache.rb:29:in `call'
  /usr/lib/ruby/1.8/active_record/query_cache.rb:29:in `call'
  /usr/lib/ruby/1.8/active_record/connection_adapters/abstract/query_cache.rb:34:in `cache'
  /usr/lib/ruby/1.8/active_record/query_cache.rb:9:in `cache'
  /usr/lib/ruby/1.8/active_record/query_cache.rb:28:in `call'
  /usr/lib/ruby/1.8/active_record/connection_adapters/abstract/connection_pool.rb:361:in `call'
  /usr/lib/ruby/1.8/action_controller/string_coercion.rb:25:in `call'
  /usr/lib/ruby/1.8/rack/head.rb:9:in `call'
  /usr/lib/ruby/1.8/rack/methodoverride.rb:24:in `call'
  /usr/lib/ruby/1.8/action_controller/params_parser.rb:15:in `call'
  /usr/lib/ruby/1.8/action_controller/session/cookie_store.rb:93:in `call'
  /usr/lib/ruby/1.8/action_controller/failsafe.rb:26:in `call'
  /usr/lib/ruby/1.8/rack/lock.rb:11:in `call'
  /usr/lib/ruby/1.8/rack/lock.rb:11:in `synchronize'
  /usr/lib/ruby/1.8/rack/lock.rb:11:in `call'
  /usr/lib/ruby/1.8/action_controller/dispatcher.rb:114:in `call'
  /usr/lib/ruby/1.8/action_controller/reloader.rb:34:in `run'
  /usr/lib/ruby/1.8/action_controller/dispatcher.rb:108:in `call'
  /usr/lib/ruby/1.8/rack/urlmap.rb:47:in `call'
  /usr/lib/ruby/1.8/rack/urlmap.rb:41:in `each'
  /usr/lib/ruby/1.8/rack/urlmap.rb:41:in `call'
  /usr/lib/ruby/1.8/rack/content_length.rb:13:in `call'
  /usr/lib/ruby/1.8/rack/handler/webrick.rb:48:in `service'
  /usr/lib/ruby/1.8/webrick/httpserver.rb:104:in `service'
  /usr/lib/ruby/1.8/webrick/httpserver.rb:65:in `run'
  /usr/lib/ruby/1.8/webrick/server.rb:173:in `start_thread'
  /usr/lib/ruby/1.8/webrick/server.rb:162:in `start'
  /usr/lib/ruby/1.8/webrick/server.rb:162:in `start_thread'
  /usr/lib/ruby/1.8/webrick/server.rb:95:in `start'
  /usr/lib/ruby/1.8/webrick/server.rb:92:in `each'
  /usr/lib/ruby/1.8/webrick/server.rb:92:in `start'
  /usr/lib/ruby/1.8/webrick/server.rb:23:in `start'
  /usr/lib/ruby/1.8/webrick/server.rb:82:in `start'
  /usr/lib/ruby/1.8/rack/handler/webrick.rb:14:in `run'

Rendered rescues/_trace (61.8ms)
Rendered rescues/_request_and_response (2.0ms)
Rendering rescues/layout (internal_server_error)
  [4;36;1mSQL (1.0ms)[0m   [0;1m SELECT name
 FROM sqlite_master
 WHERE type = 'table' AND NOT name = 'sqlite_sequence'
[0m
  [4;35;1mSQL (0.3ms)[0m   [0mselect sqlite_version(*)[0m
  [4;36;1mSQL (293.7ms)[0m   [0;1mCREATE TABLE "schema_migrations" ("version" varchar(255) NOT NULL) [0m
  [4;35;1mSQL (28.3ms)[0m   [0mCREATE UNIQUE INDEX "unique_schema_migrations" ON "schema_migrations" ("version")[0m
  [4;36;1mSQL (0.3ms)[0m   [0;1m SELECT name
 FROM sqlite_master
 WHERE type = 'table' AND NOT name = 'sqlite_sequence'
[0m
  [4;35;1mSQL (0.2ms)[0m   [0mSELECT version FROM schema_migrations[0m
Migrating to CreatePosts (20110108040430)
  [4;36;1mSQL (0.8ms)[0m   [0;1mCREATE TABLE "posts" ("id" INTEGER PRIMARY KEY AUTOINCREMENT NOT NULL, "name" varchar(255), "title" varchar(255), "content" text, "created_at" datetime, "updated_at" datetime) [0m
  [4;35;1mSQL (0.2ms)[0m   [0mINSERT INTO schema_migrations (version) VALUES ('20110108040430')[0m
  [4;36;1mSQL (0.3ms)[0m   [0;1m SELECT name
 FROM sqlite_master
 WHERE type = 'table' AND NOT name = 'sqlite_sequence'
[0m
  [4;35;1mSQL (0.2ms)[0m   [0mSELECT version FROM schema_migrations[0m
  [4;36;1mSQL (3.5ms)[0m   [0;1m SELECT name
 FROM sqlite_master
 WHERE type = 'table' AND NOT name = 'sqlite_sequence'
[0m
  [4;35;1mSQL (0.1ms)[0m   [0mPRAGMA index_list("posts")[0m


Processing PostsController#index (for 127.0.0.1 at 2011-01-08 12:12:36) [GET]
  [4;36;1mPost Load (0.6ms)[0m   [0;1mSELECT * FROM "posts" [0m
Rendering template within layouts/posts
Rendering posts/index
Completed in 78ms (View: 62, DB: 1) | 200 OK [http://localhost/posts]


Processing HomeController#index (for 127.0.0.1 at 2011-01-08 12:14:50) [GET]
Rendering home/index
Completed in 25ms (View: 24, DB: 0) | 200 OK [http://localhost/]


Processing PostsController#index (for 127.0.0.1 at 2011-01-08 12:14:54) [GET]
  [4;35;1mPost Load (0.4ms)[0m   [0mSELECT * FROM "posts" [0m
Rendering template within layouts/posts
Rendering posts/index
Completed in 13ms (View: 2, DB: 0) | 200 OK [http://localhost/posts]


Processing PostsController#index (for 127.0.0.1 at 2011-01-08 12:19:39) [GET]
  [4;36;1mPost Load (0.5ms)[0m   [0;1mSELECT * FROM "posts" [0m
Rendering template within layouts/posts
Rendering posts/index
Completed in 20ms (View: 2, DB: 0) | 200 OK [http://localhost/posts]


Processing PostsController#new (for 127.0.0.1 at 2011-01-08 12:20:25) [GET]
Rendering template within layouts/posts
Rendering posts/new
Completed in 29ms (View: 18, DB: 0) | 200 OK [http://localhost/posts/new]


Processing PostsController#create (for 127.0.0.1 at 2011-01-08 12:20:47) [POST]
  Parameters: {"commit"=>"Create", "post"=>{"name"=>"Post Name1", "title"=>"Post Title 1", "content"=>"Comment One dude."}, "authenticity_token"=>"PgCj5AUcdxIBkPHhzP7T3BkR+gOnfL7250ihK1FKGi8="}
  [4;35;1mPost Create (1.2ms)[0m   [0mINSERT INTO "posts" ("name", "created_at", "title", "updated_at", "content") VALUES('Post Name1', '2011-01-08 04:20:47', 'Post Title 1', '2011-01-08 04:20:47', 'Comment One dude.')[0m
Redirected to http://localhost:3000/posts/1
Completed in 135ms (DB: 1) | 302 Found [http://localhost/posts]


Processing PostsController#show (for 127.0.0.1 at 2011-01-08 12:20:48) [GET]
  Parameters: {"id"=>"1"}
  [4;36;1mPost Load (1.4ms)[0m   [0;1mSELECT * FROM "posts" WHERE ("posts"."id" = 1) [0m
Rendering template within layouts/posts
Rendering posts/show
Completed in 30ms (View: 15, DB: 1) | 200 OK [http://localhost/posts/1]


Processing PostsController#index (for 127.0.0.1 at 2011-01-08 12:21:00) [GET]
  [4;35;1mPost Load (11.5ms)[0m   [0mSELECT * FROM "posts" [0m
Rendering template within layouts/posts
Rendering posts/index
Completed in 48ms (View: 21, DB: 12) | 200 OK [http://localhost/posts]


Processing PostsController#new (for 127.0.0.1 at 2011-01-08 12:21:03) [GET]
Rendering template within layouts/posts
Rendering posts/new
Completed in 24ms (View: 11, DB: 0) | 200 OK [http://localhost/posts/new]


Processing PostsController#create (for 127.0.0.1 at 2011-01-08 12:21:20) [POST]
  Parameters: {"commit"=>"Create", "post"=>{"name"=>"Post Name 2", "title"=>"Post Title 2", "content"=>"Content 2"}, "authenticity_token"=>"PgCj5AUcdxIBkPHhzP7T3BkR+gOnfL7250ihK1FKGi8="}
  [4;36;1mPost Create (0.2ms)[0m   [0;1mINSERT INTO "posts" ("name", "created_at", "title", "updated_at", "content") VALUES('Post Name 2', '2011-01-08 04:21:20', 'Post Title 2', '2011-01-08 04:21:20', 'Content 2')[0m
Redirected to http://localhost:3000/posts/2
Completed in 64ms (DB: 0) | 302 Found [http://localhost/posts]


Processing PostsController#show (for 127.0.0.1 at 2011-01-08 12:21:20) [GET]
  Parameters: {"id"=>"2"}
  [4;35;1mPost Load (0.6ms)[0m   [0mSELECT * FROM "posts" WHERE ("posts"."id" = 2) [0m
Rendering template within layouts/posts
Rendering posts/show
Completed in 20ms (View: 5, DB: 1) | 200 OK [http://localhost/posts/2]


Processing PostsController#index (for 127.0.0.1 at 2011-01-08 12:21:29) [GET]
  [4;36;1mPost Load (0.9ms)[0m   [0;1mSELECT * FROM "posts" [0m
Rendering template within layouts/posts
Rendering posts/index
Completed in 66ms (View: 46, DB: 1) | 200 OK [http://localhost/posts]


Processing PostsController#index (for 127.0.0.1 at 2011-01-08 12:21:50) [GET]
  [4;36;1mPost Load (2.1ms)[0m   [0;1mSELECT * FROM "posts" [0m
Rendering template within layouts/posts
Rendering posts/index
Completed in 153ms (View: 143, DB: 2) | 200 OK [http://localhost/posts]


Processing PostsController#new (for 127.0.0.1 at 2011-01-08 12:23:59) [GET]
Rendering template within layouts/posts
Rendering posts/new
Completed in 30ms (View: 20, DB: 0) | 200 OK [http://localhost/posts/new]


Processing PostsController#create (for 127.0.0.1 at 2011-01-08 12:24:19) [POST]
  Parameters: {"commit"=>"Create", "post"=>{"name"=>"Post Name 3", "title"=>"", "content"=>"Created with no Title."}, "authenticity_token"=>"PgCj5AUcdxIBkPHhzP7T3BkR+gOnfL7250ihK1FKGi8="}
  [4;35;1mPost Create (0.9ms)[0m   [0mINSERT INTO "posts" ("name", "created_at", "title", "updated_at", "content") VALUES('Post Name 3', '2011-01-08 04:24:19', '', '2011-01-08 04:24:19', 'Created with no Title.')[0m
Redirected to http://localhost:3000/posts/3
Completed in 81ms (DB: 1) | 302 Found [http://localhost/posts]


Processing PostsController#show (for 127.0.0.1 at 2011-01-08 12:24:19) [GET]
  Parameters: {"id"=>"3"}
  [4;36;1mPost Load (0.7ms)[0m   [0;1mSELECT * FROM "posts" WHERE ("posts"."id" = 3) [0m
Rendering template within layouts/posts
Rendering posts/show
Completed in 26ms (View: 11, DB: 1) | 200 OK [http://localhost/posts/3]


Processing PostsController#index (for 127.0.0.1 at 2011-01-08 12:24:24) [GET]
  [4;35;1mPost Load (1.1ms)[0m   [0mSELECT * FROM "posts" [0m
Rendering template within layouts/posts
Rendering posts/index
Completed in 81ms (View: 51, DB: 1) | 200 OK [http://localhost/posts]


Processing PostsController#index (for 127.0.0.1 at 2011-01-08 12:25:03) [GET]

SyntaxError (/home/gokul/Viki/readup/first/new/app/models/post.rb:2: syntax error, unexpected ':', expecting kEND
validates :title :presence=>true
                  ^):
  /usr/lib/ruby/1.8/active_support/dependencies.rb:380:in `load_without_new_constant_marking'
  /usr/lib/ruby/1.8/active_support/dependencies.rb:380:in `load_file'
  /usr/lib/ruby/1.8/active_support/dependencies.rb:521:in `new_constants_in'
  /usr/lib/ruby/1.8/active_support/dependencies.rb:379:in `load_file'
  /usr/lib/ruby/1.8/active_support/dependencies.rb:259:in `require_or_load'
  /usr/lib/ruby/1.8/active_support/dependencies.rb:425:in `load_missing_constant'
  /usr/lib/ruby/1.8/active_support/dependencies.rb:80:in `const_missing'
  /usr/lib/ruby/1.8/active_support/dependencies.rb:92:in `const_missing'
  /usr/lib/ruby/1.8/active_support/dependencies.rb:437:in `load_missing_constant'
  /usr/lib/ruby/1.8/active_support/dependencies.rb:96:in `const_missing'
  app/controllers/posts_controller.rb:5:in `index'
  /usr/lib/ruby/1.8/action_controller/base.rb:1331:in `send'
  /usr/lib/ruby/1.8/action_controller/base.rb:1331:in `perform_action_without_filters'
  /usr/lib/ruby/1.8/action_controller/filters.rb:617:in `call_filters'
  /usr/lib/ruby/1.8/action_controller/filters.rb:610:in `perform_action_without_benchmark'
  /usr/lib/ruby/1.8/action_controller/benchmarking.rb:68:in `perform_action_without_rescue'
  /usr/lib/ruby/1.8/action_controller/benchmarking.rb:68:in `perform_action_without_rescue'
  /usr/lib/ruby/1.8/action_controller/rescue.rb:160:in `perform_action_without_flash'
  /usr/lib/ruby/1.8/action_controller/flash.rb:146:in `perform_action'
  /usr/lib/ruby/1.8/action_controller/base.rb:532:in `send'
  /usr/lib/ruby/1.8/action_controller/base.rb:532:in `process_without_filters'
  /usr/lib/ruby/1.8/action_controller/filters.rb:606:in `process'
  /usr/lib/ruby/1.8/action_controller/base.rb:391:in `process'
  /usr/lib/ruby/1.8/action_controller/base.rb:386:in `call'
  /usr/lib/ruby/1.8/action_controller/routing/route_set.rb:437:in `call'
  /usr/lib/ruby/1.8/action_controller/dispatcher.rb:87:in `dispatch'
  /usr/lib/ruby/1.8/action_controller/dispatcher.rb:121:in `_call'
  /usr/lib/ruby/1.8/action_controller/dispatcher.rb:130:in `build_middleware_stack'
  /usr/lib/ruby/1.8/active_record/query_cache.rb:29:in `call'
  /usr/lib/ruby/1.8/active_record/query_cache.rb:29:in `call'
  /usr/lib/ruby/1.8/active_record/connection_adapters/abstract/query_cache.rb:34:in `cache'
  /usr/lib/ruby/1.8/active_record/query_cache.rb:9:in `cache'
  /usr/lib/ruby/1.8/active_record/query_cache.rb:28:in `call'
  /usr/lib/ruby/1.8/active_record/connection_adapters/abstract/connection_pool.rb:361:in `call'
  /usr/lib/ruby/1.8/action_controller/string_coercion.rb:25:in `call'
  /usr/lib/ruby/1.8/rack/head.rb:9:in `call'
  /usr/lib/ruby/1.8/rack/methodoverride.rb:24:in `call'
  /usr/lib/ruby/1.8/action_controller/params_parser.rb:15:in `call'
  /usr/lib/ruby/1.8/action_controller/session/cookie_store.rb:93:in `call'
  /usr/lib/ruby/1.8/action_controller/failsafe.rb:26:in `call'
  /usr/lib/ruby/1.8/rack/lock.rb:11:in `call'
  /usr/lib/ruby/1.8/rack/lock.rb:11:in `synchronize'
  /usr/lib/ruby/1.8/rack/lock.rb:11:in `call'
  /usr/lib/ruby/1.8/action_controller/dispatcher.rb:114:in `call'
  /usr/lib/ruby/1.8/action_controller/reloader.rb:34:in `run'
  /usr/lib/ruby/1.8/action_controller/dispatcher.rb:108:in `call'
  /usr/lib/ruby/1.8/rack/urlmap.rb:47:in `call'
  /usr/lib/ruby/1.8/rack/urlmap.rb:41:in `each'
  /usr/lib/ruby/1.8/rack/urlmap.rb:41:in `call'
  /usr/lib/ruby/1.8/rack/content_length.rb:13:in `call'
  /usr/lib/ruby/1.8/rack/handler/webrick.rb:48:in `service'
  /usr/lib/ruby/1.8/webrick/httpserver.rb:104:in `service'
  /usr/lib/ruby/1.8/webrick/httpserver.rb:65:in `run'
  /usr/lib/ruby/1.8/webrick/server.rb:173:in `start_thread'
  /usr/lib/ruby/1.8/webrick/server.rb:162:in `start'
  /usr/lib/ruby/1.8/webrick/server.rb:162:in `start_thread'
  /usr/lib/ruby/1.8/webrick/server.rb:95:in `start'
  /usr/lib/ruby/1.8/webrick/server.rb:92:in `each'
  /usr/lib/ruby/1.8/webrick/server.rb:92:in `start'
  /usr/lib/ruby/1.8/webrick/server.rb:23:in `start'
  /usr/lib/ruby/1.8/webrick/server.rb:82:in `start'
  /usr/lib/ruby/1.8/rack/handler/webrick.rb:14:in `run'

Rendered rescues/_trace (122.7ms)
Rendered rescues/_request_and_response (5.2ms)
Rendering rescues/layout (internal_server_error)


Processing PostsController#index (for 127.0.0.1 at 2011-01-08 12:25:42) [GET]

SyntaxError (/home/gokul/Viki/readup/first/new/app/models/post.rb:2: syntax error, unexpected ':', expecting kEND
validates :title :presence => true
                  ^):
  /usr/lib/ruby/1.8/active_support/dependencies.rb:380:in `load_without_new_constant_marking'
  /usr/lib/ruby/1.8/active_support/dependencies.rb:380:in `load_file'
  /usr/lib/ruby/1.8/active_support/dependencies.rb:521:in `new_constants_in'
  /usr/lib/ruby/1.8/active_support/dependencies.rb:379:in `load_file'
  /usr/lib/ruby/1.8/active_support/dependencies.rb:259:in `require_or_load'
  /usr/lib/ruby/1.8/active_support/dependencies.rb:425:in `load_missing_constant'
  /usr/lib/ruby/1.8/active_support/dependencies.rb:80:in `const_missing'
  /usr/lib/ruby/1.8/active_support/dependencies.rb:92:in `const_missing'
  /usr/lib/ruby/1.8/active_support/dependencies.rb:437:in `load_missing_constant'
  /usr/lib/ruby/1.8/active_support/dependencies.rb:96:in `const_missing'
  app/controllers/posts_controller.rb:5:in `index'
  /usr/lib/ruby/1.8/action_controller/base.rb:1331:in `send'
  /usr/lib/ruby/1.8/action_controller/base.rb:1331:in `perform_action_without_filters'
  /usr/lib/ruby/1.8/action_controller/filters.rb:617:in `call_filters'
  /usr/lib/ruby/1.8/action_controller/filters.rb:610:in `perform_action_without_benchmark'
  /usr/lib/ruby/1.8/action_controller/benchmarking.rb:68:in `perform_action_without_rescue'
  /usr/lib/ruby/1.8/action_controller/benchmarking.rb:68:in `perform_action_without_rescue'
  /usr/lib/ruby/1.8/action_controller/rescue.rb:160:in `perform_action_without_flash'
  /usr/lib/ruby/1.8/action_controller/flash.rb:146:in `perform_action'
  /usr/lib/ruby/1.8/action_controller/base.rb:532:in `send'
  /usr/lib/ruby/1.8/action_controller/base.rb:532:in `process_without_filters'
  /usr/lib/ruby/1.8/action_controller/filters.rb:606:in `process'
  /usr/lib/ruby/1.8/action_controller/base.rb:391:in `process'
  /usr/lib/ruby/1.8/action_controller/base.rb:386:in `call'
  /usr/lib/ruby/1.8/action_controller/routing/route_set.rb:437:in `call'
  /usr/lib/ruby/1.8/action_controller/dispatcher.rb:87:in `dispatch'
  /usr/lib/ruby/1.8/action_controller/dispatcher.rb:121:in `_call'
  /usr/lib/ruby/1.8/action_controller/dispatcher.rb:130:in `build_middleware_stack'
  /usr/lib/ruby/1.8/active_record/query_cache.rb:29:in `call'
  /usr/lib/ruby/1.8/active_record/query_cache.rb:29:in `call'
  /usr/lib/ruby/1.8/active_record/connection_adapters/abstract/query_cache.rb:34:in `cache'
  /usr/lib/ruby/1.8/active_record/query_cache.rb:9:in `cache'
  /usr/lib/ruby/1.8/active_record/query_cache.rb:28:in `call'
  /usr/lib/ruby/1.8/active_record/connection_adapters/abstract/connection_pool.rb:361:in `call'
  /usr/lib/ruby/1.8/action_controller/string_coercion.rb:25:in `call'
  /usr/lib/ruby/1.8/rack/head.rb:9:in `call'
  /usr/lib/ruby/1.8/rack/methodoverride.rb:24:in `call'
  /usr/lib/ruby/1.8/action_controller/params_parser.rb:15:in `call'
  /usr/lib/ruby/1.8/action_controller/session/cookie_store.rb:93:in `call'
  /usr/lib/ruby/1.8/action_controller/failsafe.rb:26:in `call'
  /usr/lib/ruby/1.8/rack/lock.rb:11:in `call'
  /usr/lib/ruby/1.8/rack/lock.rb:11:in `synchronize'
  /usr/lib/ruby/1.8/rack/lock.rb:11:in `call'
  /usr/lib/ruby/1.8/action_controller/dispatcher.rb:114:in `call'
  /usr/lib/ruby/1.8/action_controller/reloader.rb:34:in `run'
  /usr/lib/ruby/1.8/action_controller/dispatcher.rb:108:in `call'
  /usr/lib/ruby/1.8/rack/urlmap.rb:47:in `call'
  /usr/lib/ruby/1.8/rack/urlmap.rb:41:in `each'
  /usr/lib/ruby/1.8/rack/urlmap.rb:41:in `call'
  /usr/lib/ruby/1.8/rack/content_length.rb:13:in `call'
  /usr/lib/ruby/1.8/rack/handler/webrick.rb:48:in `service'
  /usr/lib/ruby/1.8/webrick/httpserver.rb:104:in `service'
  /usr/lib/ruby/1.8/webrick/httpserver.rb:65:in `run'
  /usr/lib/ruby/1.8/webrick/server.rb:173:in `start_thread'
  /usr/lib/ruby/1.8/webrick/server.rb:162:in `start'
  /usr/lib/ruby/1.8/webrick/server.rb:162:in `start_thread'
  /usr/lib/ruby/1.8/webrick/server.rb:95:in `start'
  /usr/lib/ruby/1.8/webrick/server.rb:92:in `each'
  /usr/lib/ruby/1.8/webrick/server.rb:92:in `start'
  /usr/lib/ruby/1.8/webrick/server.rb:23:in `start'
  /usr/lib/ruby/1.8/webrick/server.rb:82:in `start'
  /usr/lib/ruby/1.8/rack/handler/webrick.rb:14:in `run'

Rendered rescues/_trace (38.3ms)
Rendered rescues/_request_and_response (0.1ms)
Rendering rescues/layout (internal_server_error)


Processing PostsController#index (for 127.0.0.1 at 2011-01-08 12:26:00) [GET]
  [4;36;1mSQL (0.5ms)[0m   [0;1m SELECT name
 FROM sqlite_master
 WHERE type = 'table' AND NOT name = 'sqlite_sequence'
[0m
  [4;35;1mSQL (0.5ms)[0m   [0m SELECT name
 FROM sqlite_master
 WHERE type = 'table' AND NOT name = 'sqlite_sequence'
[0m

NoMethodError (undefined method `validates' for #<Class:0xb70832cc>):
  /usr/lib/ruby/1.8/active_record/base.rb:1959:in `method_missing'
  app/models/post.rb:2
  /usr/lib/ruby/1.8/active_support/dependencies.rb:380:in `load_without_new_constant_marking'
  /usr/lib/ruby/1.8/active_support/dependencies.rb:380:in `load_file'
  /usr/lib/ruby/1.8/active_support/dependencies.rb:521:in `new_constants_in'
  /usr/lib/ruby/1.8/active_support/dependencies.rb:379:in `load_file'
  /usr/lib/ruby/1.8/active_support/dependencies.rb:259:in `require_or_load'
  /usr/lib/ruby/1.8/active_support/dependencies.rb:425:in `load_missing_constant'
  /usr/lib/ruby/1.8/active_support/dependencies.rb:80:in `const_missing'
  /usr/lib/ruby/1.8/active_support/dependencies.rb:92:in `const_missing'
  /usr/lib/ruby/1.8/active_support/dependencies.rb:98:in `send'
  /usr/lib/ruby/1.8/active_support/dependencies.rb:98:in `const_missing'
  app/controllers/posts_controller.rb:5:in `index'
  /usr/lib/ruby/1.8/action_controller/base.rb:1331:in `send'
  /usr/lib/ruby/1.8/action_controller/base.rb:1331:in `perform_action_without_filters'
  /usr/lib/ruby/1.8/action_controller/filters.rb:617:in `call_filters'
  /usr/lib/ruby/1.8/action_controller/filters.rb:610:in `perform_action_without_benchmark'
  /usr/lib/ruby/1.8/action_controller/benchmarking.rb:68:in `perform_action_without_rescue'
  /usr/lib/ruby/1.8/action_controller/benchmarking.rb:68:in `perform_action_without_rescue'
  /usr/lib/ruby/1.8/action_controller/rescue.rb:160:in `perform_action_without_flash'
  /usr/lib/ruby/1.8/action_controller/flash.rb:146:in `perform_action'
  /usr/lib/ruby/1.8/action_controller/base.rb:532:in `send'
  /usr/lib/ruby/1.8/action_controller/base.rb:532:in `process_without_filters'
  /usr/lib/ruby/1.8/action_controller/filters.rb:606:in `process'
  /usr/lib/ruby/1.8/action_controller/base.rb:391:in `process'
  /usr/lib/ruby/1.8/action_controller/base.rb:386:in `call'
  /usr/lib/ruby/1.8/action_controller/routing/route_set.rb:437:in `call'
  /usr/lib/ruby/1.8/action_controller/dispatcher.rb:87:in `dispatch'
  /usr/lib/ruby/1.8/action_controller/dispatcher.rb:121:in `_call'
  /usr/lib/ruby/1.8/action_controller/dispatcher.rb:130:in `build_middleware_stack'
  /usr/lib/ruby/1.8/active_record/query_cache.rb:29:in `call'
  /usr/lib/ruby/1.8/active_record/query_cache.rb:29:in `call'
  /usr/lib/ruby/1.8/active_record/connection_adapters/abstract/query_cache.rb:34:in `cache'
  /usr/lib/ruby/1.8/active_record/query_cache.rb:9:in `cache'
  /usr/lib/ruby/1.8/active_record/query_cache.rb:28:in `call'
  /usr/lib/ruby/1.8/active_record/connection_adapters/abstract/connection_pool.rb:361:in `call'
  /usr/lib/ruby/1.8/action_controller/string_coercion.rb:25:in `call'
  /usr/lib/ruby/1.8/rack/head.rb:9:in `call'
  /usr/lib/ruby/1.8/rack/methodoverride.rb:24:in `call'
  /usr/lib/ruby/1.8/action_controller/params_parser.rb:15:in `call'
  /usr/lib/ruby/1.8/action_controller/session/cookie_store.rb:93:in `call'
  /usr/lib/ruby/1.8/action_controller/failsafe.rb:26:in `call'
  /usr/lib/ruby/1.8/rack/lock.rb:11:in `call'
  /usr/lib/ruby/1.8/rack/lock.rb:11:in `synchronize'
  /usr/lib/ruby/1.8/rack/lock.rb:11:in `call'
  /usr/lib/ruby/1.8/action_controller/dispatcher.rb:114:in `call'
  /usr/lib/ruby/1.8/action_controller/reloader.rb:34:in `run'
  /usr/lib/ruby/1.8/action_controller/dispatcher.rb:108:in `call'
  /usr/lib/ruby/1.8/rack/urlmap.rb:47:in `call'
  /usr/lib/ruby/1.8/rack/urlmap.rb:41:in `each'
  /usr/lib/ruby/1.8/rack/urlmap.rb:41:in `call'
  /usr/lib/ruby/1.8/rack/content_length.rb:13:in `call'
  /usr/lib/ruby/1.8/rack/handler/webrick.rb:48:in `service'
  /usr/lib/ruby/1.8/webrick/httpserver.rb:104:in `service'
  /usr/lib/ruby/1.8/webrick/httpserver.rb:65:in `run'
  /usr/lib/ruby/1.8/webrick/server.rb:173:in `start_thread'
  /usr/lib/ruby/1.8/webrick/server.rb:162:in `start'
  /usr/lib/ruby/1.8/webrick/server.rb:162:in `start_thread'
  /usr/lib/ruby/1.8/webrick/server.rb:95:in `start'
  /usr/lib/ruby/1.8/webrick/server.rb:92:in `each'
  /usr/lib/ruby/1.8/webrick/server.rb:92:in `start'
  /usr/lib/ruby/1.8/webrick/server.rb:23:in `start'
  /usr/lib/ruby/1.8/webrick/server.rb:82:in `start'
  /usr/lib/ruby/1.8/rack/handler/webrick.rb:14:in `run'

Rendered rescues/_trace (47.6ms)
Rendered rescues/_request_and_response (0.5ms)
Rendering rescues/layout (internal_server_error)


Processing PostsController#index (for 127.0.0.1 at 2011-01-08 12:26:51) [GET]
  [4;36;1mSQL (0.7ms)[0m   [0;1m SELECT name
 FROM sqlite_master
 WHERE type = 'table' AND NOT name = 'sqlite_sequence'
[0m
  [4;35;1mSQL (0.6ms)[0m   [0m SELECT name
 FROM sqlite_master
 WHERE type = 'table' AND NOT name = 'sqlite_sequence'
[0m

NoMethodError (undefined method `validates' for #<Class:0xb770a94c>):
  /usr/lib/ruby/1.8/active_record/base.rb:1959:in `method_missing'
  app/models/post.rb:2
  /usr/lib/ruby/1.8/active_support/dependencies.rb:380:in `load_without_new_constant_marking'
  /usr/lib/ruby/1.8/active_support/dependencies.rb:380:in `load_file'
  /usr/lib/ruby/1.8/active_support/dependencies.rb:521:in `new_constants_in'
  /usr/lib/ruby/1.8/active_support/dependencies.rb:379:in `load_file'
  /usr/lib/ruby/1.8/active_support/dependencies.rb:259:in `require_or_load'
  /usr/lib/ruby/1.8/active_support/dependencies.rb:425:in `load_missing_constant'
  /usr/lib/ruby/1.8/active_support/dependencies.rb:80:in `const_missing'
  /usr/lib/ruby/1.8/active_support/dependencies.rb:92:in `const_missing'
  /usr/lib/ruby/1.8/active_support/dependencies.rb:98:in `send'
  /usr/lib/ruby/1.8/active_support/dependencies.rb:98:in `const_missing'
  app/controllers/posts_controller.rb:5:in `index'
  /usr/lib/ruby/1.8/action_controller/base.rb:1331:in `send'
  /usr/lib/ruby/1.8/action_controller/base.rb:1331:in `perform_action_without_filters'
  /usr/lib/ruby/1.8/action_controller/filters.rb:617:in `call_filters'
  /usr/lib/ruby/1.8/action_controller/filters.rb:610:in `perform_action_without_benchmark'
  /usr/lib/ruby/1.8/action_controller/benchmarking.rb:68:in `perform_action_without_rescue'
  /usr/lib/ruby/1.8/action_controller/benchmarking.rb:68:in `perform_action_without_rescue'
  /usr/lib/ruby/1.8/action_controller/rescue.rb:160:in `perform_action_without_flash'
  /usr/lib/ruby/1.8/action_controller/flash.rb:146:in `perform_action'
  /usr/lib/ruby/1.8/action_controller/base.rb:532:in `send'
  /usr/lib/ruby/1.8/action_controller/base.rb:532:in `process_without_filters'
  /usr/lib/ruby/1.8/action_controller/filters.rb:606:in `process'
  /usr/lib/ruby/1.8/action_controller/base.rb:391:in `process'
  /usr/lib/ruby/1.8/action_controller/base.rb:386:in `call'
  /usr/lib/ruby/1.8/action_controller/routing/route_set.rb:437:in `call'
  /usr/lib/ruby/1.8/action_controller/dispatcher.rb:87:in `dispatch'
  /usr/lib/ruby/1.8/action_controller/dispatcher.rb:121:in `_call'
  /usr/lib/ruby/1.8/action_controller/dispatcher.rb:130:in `build_middleware_stack'
  /usr/lib/ruby/1.8/active_record/query_cache.rb:29:in `call'
  /usr/lib/ruby/1.8/active_record/query_cache.rb:29:in `call'
  /usr/lib/ruby/1.8/active_record/connection_adapters/abstract/query_cache.rb:34:in `cache'
  /usr/lib/ruby/1.8/active_record/query_cache.rb:9:in `cache'
  /usr/lib/ruby/1.8/active_record/query_cache.rb:28:in `call'
  /usr/lib/ruby/1.8/active_record/connection_adapters/abstract/connection_pool.rb:361:in `call'
  /usr/lib/ruby/1.8/action_controller/string_coercion.rb:25:in `call'
  /usr/lib/ruby/1.8/rack/head.rb:9:in `call'
  /usr/lib/ruby/1.8/rack/methodoverride.rb:24:in `call'
  /usr/lib/ruby/1.8/action_controller/params_parser.rb:15:in `call'
  /usr/lib/ruby/1.8/action_controller/session/cookie_store.rb:93:in `call'
  /usr/lib/ruby/1.8/action_controller/failsafe.rb:26:in `call'
  /usr/lib/ruby/1.8/rack/lock.rb:11:in `call'
  /usr/lib/ruby/1.8/rack/lock.rb:11:in `synchronize'
  /usr/lib/ruby/1.8/rack/lock.rb:11:in `call'
  /usr/lib/ruby/1.8/action_controller/dispatcher.rb:114:in `call'
  /usr/lib/ruby/1.8/action_controller/reloader.rb:34:in `run'
  /usr/lib/ruby/1.8/action_controller/dispatcher.rb:108:in `call'
  /usr/lib/ruby/1.8/rack/urlmap.rb:47:in `call'
  /usr/lib/ruby/1.8/rack/urlmap.rb:41:in `each'
  /usr/lib/ruby/1.8/rack/urlmap.rb:41:in `call'
  /usr/lib/ruby/1.8/rack/content_length.rb:13:in `call'
  /usr/lib/ruby/1.8/rack/handler/webrick.rb:48:in `service'
  /usr/lib/ruby/1.8/webrick/httpserver.rb:104:in `service'
  /usr/lib/ruby/1.8/webrick/httpserver.rb:65:in `run'
  /usr/lib/ruby/1.8/webrick/server.rb:173:in `start_thread'
  /usr/lib/ruby/1.8/webrick/server.rb:162:in `start'
  /usr/lib/ruby/1.8/webrick/server.rb:162:in `start_thread'
  /usr/lib/ruby/1.8/webrick/server.rb:95:in `start'
  /usr/lib/ruby/1.8/webrick/server.rb:92:in `each'
  /usr/lib/ruby/1.8/webrick/server.rb:92:in `start'
  /usr/lib/ruby/1.8/webrick/server.rb:23:in `start'
  /usr/lib/ruby/1.8/webrick/server.rb:82:in `start'
  /usr/lib/ruby/1.8/rack/handler/webrick.rb:14:in `run'

Rendered rescues/_trace (41.5ms)
Rendered rescues/_request_and_response (0.4ms)
Rendering rescues/layout (internal_server_error)


Processing PostsController#index (for 127.0.0.1 at 2011-01-08 12:28:12) [GET]
  [4;36;1mSQL (0.6ms)[0m   [0;1m SELECT name
 FROM sqlite_master
 WHERE type = 'table' AND NOT name = 'sqlite_sequence'
[0m
  [4;35;1mSQL (0.4ms)[0m   [0m SELECT name
 FROM sqlite_master
 WHERE type = 'table' AND NOT name = 'sqlite_sequence'
[0m

NoMethodError (undefined method `validates' for #<Class:0xb71bbacc>):
  /usr/lib/ruby/1.8/active_record/base.rb:1959:in `method_missing'
  app/models/post.rb:2
  /usr/lib/ruby/1.8/active_support/dependencies.rb:380:in `load_without_new_constant_marking'
  /usr/lib/ruby/1.8/active_support/dependencies.rb:380:in `load_file'
  /usr/lib/ruby/1.8/active_support/dependencies.rb:521:in `new_constants_in'
  /usr/lib/ruby/1.8/active_support/dependencies.rb:379:in `load_file'
  /usr/lib/ruby/1.8/active_support/dependencies.rb:259:in `require_or_load'
  /usr/lib/ruby/1.8/active_support/dependencies.rb:425:in `load_missing_constant'
  /usr/lib/ruby/1.8/active_support/dependencies.rb:80:in `const_missing'
  /usr/lib/ruby/1.8/active_support/dependencies.rb:92:in `const_missing'
  /usr/lib/ruby/1.8/active_support/dependencies.rb:98:in `send'
  /usr/lib/ruby/1.8/active_support/dependencies.rb:98:in `const_missing'
  app/controllers/posts_controller.rb:5:in `index'
  /usr/lib/ruby/1.8/action_controller/base.rb:1331:in `send'
  /usr/lib/ruby/1.8/action_controller/base.rb:1331:in `perform_action_without_filters'
  /usr/lib/ruby/1.8/action_controller/filters.rb:617:in `call_filters'
  /usr/lib/ruby/1.8/action_controller/filters.rb:610:in `perform_action_without_benchmark'
  /usr/lib/ruby/1.8/action_controller/benchmarking.rb:68:in `perform_action_without_rescue'
  /usr/lib/ruby/1.8/action_controller/benchmarking.rb:68:in `perform_action_without_rescue'
  /usr/lib/ruby/1.8/action_controller/rescue.rb:160:in `perform_action_without_flash'
  /usr/lib/ruby/1.8/action_controller/flash.rb:146:in `perform_action'
  /usr/lib/ruby/1.8/action_controller/base.rb:532:in `send'
  /usr/lib/ruby/1.8/action_controller/base.rb:532:in `process_without_filters'
  /usr/lib/ruby/1.8/action_controller/filters.rb:606:in `process'
  /usr/lib/ruby/1.8/action_controller/base.rb:391:in `process'
  /usr/lib/ruby/1.8/action_controller/base.rb:386:in `call'
  /usr/lib/ruby/1.8/action_controller/routing/route_set.rb:437:in `call'
  /usr/lib/ruby/1.8/action_controller/dispatcher.rb:87:in `dispatch'
  /usr/lib/ruby/1.8/action_controller/dispatcher.rb:121:in `_call'
  /usr/lib/ruby/1.8/action_controller/dispatcher.rb:130:in `build_middleware_stack'
  /usr/lib/ruby/1.8/active_record/query_cache.rb:29:in `call'
  /usr/lib/ruby/1.8/active_record/query_cache.rb:29:in `call'
  /usr/lib/ruby/1.8/active_record/connection_adapters/abstract/query_cache.rb:34:in `cache'
  /usr/lib/ruby/1.8/active_record/query_cache.rb:9:in `cache'
  /usr/lib/ruby/1.8/active_record/query_cache.rb:28:in `call'
  /usr/lib/ruby/1.8/active_record/connection_adapters/abstract/connection_pool.rb:361:in `call'
  /usr/lib/ruby/1.8/action_controller/string_coercion.rb:25:in `call'
  /usr/lib/ruby/1.8/rack/head.rb:9:in `call'
  /usr/lib/ruby/1.8/rack/methodoverride.rb:24:in `call'
  /usr/lib/ruby/1.8/action_controller/params_parser.rb:15:in `call'
  /usr/lib/ruby/1.8/action_controller/session/cookie_store.rb:93:in `call'
  /usr/lib/ruby/1.8/action_controller/failsafe.rb:26:in `call'
  /usr/lib/ruby/1.8/rack/lock.rb:11:in `call'
  /usr/lib/ruby/1.8/rack/lock.rb:11:in `synchronize'
  /usr/lib/ruby/1.8/rack/lock.rb:11:in `call'
  /usr/lib/ruby/1.8/action_controller/dispatcher.rb:114:in `call'
  /usr/lib/ruby/1.8/action_controller/reloader.rb:34:in `run'
  /usr/lib/ruby/1.8/action_controller/dispatcher.rb:108:in `call'
  /usr/lib/ruby/1.8/rack/urlmap.rb:47:in `call'
  /usr/lib/ruby/1.8/rack/urlmap.rb:41:in `each'
  /usr/lib/ruby/1.8/rack/urlmap.rb:41:in `call'
  /usr/lib/ruby/1.8/rack/content_length.rb:13:in `call'
  /usr/lib/ruby/1.8/rack/handler/webrick.rb:48:in `service'
  /usr/lib/ruby/1.8/webrick/httpserver.rb:104:in `service'
  /usr/lib/ruby/1.8/webrick/httpserver.rb:65:in `run'
  /usr/lib/ruby/1.8/webrick/server.rb:173:in `start_thread'
  /usr/lib/ruby/1.8/webrick/server.rb:162:in `start'
  /usr/lib/ruby/1.8/webrick/server.rb:162:in `start_thread'
  /usr/lib/ruby/1.8/webrick/server.rb:95:in `start'
  /usr/lib/ruby/1.8/webrick/server.rb:92:in `each'
  /usr/lib/ruby/1.8/webrick/server.rb:92:in `start'
  /usr/lib/ruby/1.8/webrick/server.rb:23:in `start'
  /usr/lib/ruby/1.8/webrick/server.rb:82:in `start'
  /usr/lib/ruby/1.8/rack/handler/webrick.rb:14:in `run'

Rendered rescues/_trace (35.6ms)
Rendered rescues/_request_and_response (0.6ms)
Rendering rescues/layout (internal_server_error)


Processing PostsController#index (for 127.0.0.1 at 2011-01-08 12:34:23) [GET]
  [4;36;1mPost Load (1.1ms)[0m   [0;1mSELECT * FROM "posts" [0m
Rendering template within layouts/posts
Rendering posts/index
Completed in 42ms (View: 23, DB: 1) | 200 OK [http://localhost/posts]


Processing PostsController#destroy (for 127.0.0.1 at 2011-01-08 12:34:37) [DELETE]
  Parameters: {"authenticity_token"=>"PgCj5AUcdxIBkPHhzP7T3BkR+gOnfL7250ihK1FKGi8=", "id"=>"3"}
  [4;35;1mPost Load (0.4ms)[0m   [0mSELECT * FROM "posts" WHERE ("posts"."id" = 3) [0m
  [4;36;1mPost Destroy (0.6ms)[0m   [0;1mDELETE FROM "posts" WHERE "id" = 3[0m
Redirected to http://localhost:3000/posts
Completed in 89ms (DB: 1) | 302 Found [http://localhost/posts/3]


Processing PostsController#index (for 127.0.0.1 at 2011-01-08 12:34:37) [GET]
  [4;35;1mPost Load (1.5ms)[0m   [0mSELECT * FROM "posts" [0m
Rendering template within layouts/posts
Rendering posts/index
Completed in 33ms (View: 21, DB: 2) | 200 OK [http://localhost/posts]


Processing PostsController#index (for 127.0.0.1 at 2011-01-08 12:34:45) [GET]
  [4;36;1mSQL (0.8ms)[0m   [0;1m SELECT name
 FROM sqlite_master
 WHERE type = 'table' AND NOT name = 'sqlite_sequence'
[0m
  [4;35;1mSQL (0.4ms)[0m   [0m SELECT name
 FROM sqlite_master
 WHERE type = 'table' AND NOT name = 'sqlite_sequence'
[0m

NoMethodError (undefined method `validates' for #<Class:0xb72212f0>):
  /usr/lib/ruby/1.8/active_record/base.rb:1959:in `method_missing'
  app/models/post.rb:2
  /usr/lib/ruby/1.8/active_support/dependencies.rb:380:in `load_without_new_constant_marking'
  /usr/lib/ruby/1.8/active_support/dependencies.rb:380:in `load_file'
  /usr/lib/ruby/1.8/active_support/dependencies.rb:521:in `new_constants_in'
  /usr/lib/ruby/1.8/active_support/dependencies.rb:379:in `load_file'
  /usr/lib/ruby/1.8/active_support/dependencies.rb:259:in `require_or_load'
  /usr/lib/ruby/1.8/active_support/dependencies.rb:425:in `load_missing_constant'
  /usr/lib/ruby/1.8/active_support/dependencies.rb:80:in `const_missing'
  /usr/lib/ruby/1.8/active_support/dependencies.rb:92:in `const_missing'
  /usr/lib/ruby/1.8/active_support/dependencies.rb:98:in `send'
  /usr/lib/ruby/1.8/active_support/dependencies.rb:98:in `const_missing'
  app/controllers/posts_controller.rb:5:in `index'
  /usr/lib/ruby/1.8/action_controller/base.rb:1331:in `send'
  /usr/lib/ruby/1.8/action_controller/base.rb:1331:in `perform_action_without_filters'
  /usr/lib/ruby/1.8/action_controller/filters.rb:617:in `call_filters'
  /usr/lib/ruby/1.8/action_controller/filters.rb:610:in `perform_action_without_benchmark'
  /usr/lib/ruby/1.8/action_controller/benchmarking.rb:68:in `perform_action_without_rescue'
  /usr/lib/ruby/1.8/action_controller/benchmarking.rb:68:in `perform_action_without_rescue'
  /usr/lib/ruby/1.8/action_controller/rescue.rb:160:in `perform_action_without_flash'
  /usr/lib/ruby/1.8/action_controller/flash.rb:146:in `perform_action'
  /usr/lib/ruby/1.8/action_controller/base.rb:532:in `send'
  /usr/lib/ruby/1.8/action_controller/base.rb:532:in `process_without_filters'
  /usr/lib/ruby/1.8/action_controller/filters.rb:606:in `process'
  /usr/lib/ruby/1.8/action_controller/base.rb:391:in `process'
  /usr/lib/ruby/1.8/action_controller/base.rb:386:in `call'
  /usr/lib/ruby/1.8/action_controller/routing/route_set.rb:437:in `call'
  /usr/lib/ruby/1.8/action_controller/dispatcher.rb:87:in `dispatch'
  /usr/lib/ruby/1.8/action_controller/dispatcher.rb:121:in `_call'
  /usr/lib/ruby/1.8/action_controller/dispatcher.rb:130:in `build_middleware_stack'
  /usr/lib/ruby/1.8/active_record/query_cache.rb:29:in `call'
  /usr/lib/ruby/1.8/active_record/query_cache.rb:29:in `call'
  /usr/lib/ruby/1.8/active_record/connection_adapters/abstract/query_cache.rb:34:in `cache'
  /usr/lib/ruby/1.8/active_record/query_cache.rb:9:in `cache'
  /usr/lib/ruby/1.8/active_record/query_cache.rb:28:in `call'
  /usr/lib/ruby/1.8/active_record/connection_adapters/abstract/connection_pool.rb:361:in `call'
  /usr/lib/ruby/1.8/action_controller/string_coercion.rb:25:in `call'
  /usr/lib/ruby/1.8/rack/head.rb:9:in `call'
  /usr/lib/ruby/1.8/rack/methodoverride.rb:24:in `call'
  /usr/lib/ruby/1.8/action_controller/params_parser.rb:15:in `call'
  /usr/lib/ruby/1.8/action_controller/session/cookie_store.rb:93:in `call'
  /usr/lib/ruby/1.8/action_controller/failsafe.rb:26:in `call'
  /usr/lib/ruby/1.8/rack/lock.rb:11:in `call'
  /usr/lib/ruby/1.8/rack/lock.rb:11:in `synchronize'
  /usr/lib/ruby/1.8/rack/lock.rb:11:in `call'
  /usr/lib/ruby/1.8/action_controller/dispatcher.rb:114:in `call'
  /usr/lib/ruby/1.8/action_controller/reloader.rb:34:in `run'
  /usr/lib/ruby/1.8/action_controller/dispatcher.rb:108:in `call'
  /usr/lib/ruby/1.8/rack/urlmap.rb:47:in `call'
  /usr/lib/ruby/1.8/rack/urlmap.rb:41:in `each'
  /usr/lib/ruby/1.8/rack/urlmap.rb:41:in `call'
  /usr/lib/ruby/1.8/rack/content_length.rb:13:in `call'
  /usr/lib/ruby/1.8/rack/handler/webrick.rb:48:in `service'
  /usr/lib/ruby/1.8/webrick/httpserver.rb:104:in `service'
  /usr/lib/ruby/1.8/webrick/httpserver.rb:65:in `run'
  /usr/lib/ruby/1.8/webrick/server.rb:173:in `start_thread'
  /usr/lib/ruby/1.8/webrick/server.rb:162:in `start'
  /usr/lib/ruby/1.8/webrick/server.rb:162:in `start_thread'
  /usr/lib/ruby/1.8/webrick/server.rb:95:in `start'
  /usr/lib/ruby/1.8/webrick/server.rb:92:in `each'
  /usr/lib/ruby/1.8/webrick/server.rb:92:in `start'
  /usr/lib/ruby/1.8/webrick/server.rb:23:in `start'
  /usr/lib/ruby/1.8/webrick/server.rb:82:in `start'
  /usr/lib/ruby/1.8/rack/handler/webrick.rb:14:in `run'

Rendered rescues/_trace (30.9ms)
Rendered rescues/_request_and_response (0.5ms)
Rendering rescues/layout (internal_server_error)


Processing PostsController#index (for 127.0.0.1 at 2011-01-08 12:34:52) [GET]
  [4;36;1mPost Load (0.7ms)[0m   [0;1mSELECT * FROM "posts" [0m
Rendering template within layouts/posts
Rendering posts/index
Completed in 30ms (View: 13, DB: 1) | 200 OK [http://localhost/posts]


Processing PostsController#index (for 127.0.0.1 at 2011-01-08 12:55:10) [GET]
  [4;35;1mPost Load (0.8ms)[0m   [0mSELECT * FROM "posts" [0m
Rendering template within layouts/posts
Rendering posts/index
Completed in 45ms (View: 32, DB: 1) | 200 OK [http://localhost/posts]


Processing PostsController#index (for 127.0.0.1 at 2011-01-08 12:55:20) [GET]
  [4;36;1mPost Load (1.0ms)[0m   [0;1mSELECT * FROM "posts" [0m
Rendering template within layouts/posts
Rendering posts/index
Completed in 31ms (View: 23, DB: 1) | 200 OK [http://localhost/posts]


Processing PostsController#index (for 127.0.0.1 at 2011-01-08 12:56:00) [GET]
  [4;35;1mPost Load (0.3ms)[0m   [0mSELECT * FROM "posts" [0m
Rendering template within layouts/posts
Rendering posts/index
Completed in 45ms (View: 25, DB: 0) | 200 OK [http://localhost/posts]


Processing PostsController#show (for 127.0.0.1 at 2011-01-08 13:04:45) [GET]
  Parameters: {"id"=>"1"}
  [4;36;1mPost Load (0.6ms)[0m   [0;1mSELECT * FROM "posts" WHERE ("posts"."id" = 1) [0m
Rendering template within layouts/posts
Rendering posts/show
Completed in 27ms (View: 15, DB: 1) | 200 OK [http://localhost/posts/1]
  [4;36;1mSQL (1.5ms)[0m   [0;1m SELECT name
 FROM sqlite_master
 WHERE type = 'table' AND NOT name = 'sqlite_sequence'
[0m
  [4;35;1mSQL (0.4ms)[0m   [0mSELECT version FROM schema_migrations[0m
Migrating to CreatePosts (20110108040430)
Migrating to CreateComments (20110108052703)
  [4;36;1mSQL (0.4ms)[0m   [0;1mselect sqlite_version(*)[0m
  [4;35;1mSQL (1.0ms)[0m   [0mCREATE TABLE "comments" ("id" INTEGER PRIMARY KEY AUTOINCREMENT NOT NULL, "commenter" varchar(255), "body" text, "post_id" integer, "created_at" datetime, "updated_at" datetime) [0m
  [4;36;1mSQL (0.7ms)[0m   [0;1mINSERT INTO schema_migrations (version) VALUES ('20110108052703')[0m
  [4;35;1mSQL (0.4ms)[0m   [0m SELECT name
 FROM sqlite_master
 WHERE type = 'table' AND NOT name = 'sqlite_sequence'
[0m
  [4;36;1mSQL (0.3ms)[0m   [0;1mSELECT version FROM schema_migrations[0m
  [4;35;1mSQL (0.4ms)[0m   [0m SELECT name
 FROM sqlite_master
 WHERE type = 'table' AND NOT name = 'sqlite_sequence'
[0m
  [4;36;1mSQL (0.1ms)[0m   [0;1mPRAGMA index_list("comments")[0m
  [4;35;1mSQL (0.1ms)[0m   [0mPRAGMA index_list("posts")[0m


Processing PostsController#show (for 127.0.0.1 at 2011-01-08 13:30:14) [GET]
  Parameters: {"id"=>"1"}
  [4;35;1mPost Load (0.4ms)[0m   [0mSELECT * FROM "posts" WHERE ("posts"."id" = 1) [0m
Rendering template within layouts/posts
Rendering posts/show
Completed in 71ms (View: 20, DB: 0) | 200 OK [http://localhost/posts/1]


Processing PostsController#index (for 127.0.0.1 at 2011-01-08 13:30:18) [GET]
  [4;36;1mPost Load (0.6ms)[0m   [0;1mSELECT * FROM "posts" [0m
Rendering template within layouts/posts
Rendering posts/index
Completed in 59ms (View: 23, DB: 1) | 200 OK [http://localhost/posts]


Processing PostsController#index (for 127.0.0.1 at 2011-01-08 13:32:04) [GET]
  [4;35;1mPost Load (1.1ms)[0m   [0mSELECT * FROM "posts" [0m
Rendering template within layouts/posts
Rendering posts/index
Completed in 26ms (View: 14, DB: 1) | 200 OK [http://localhost/posts]


Processing PostsController#show (for 127.0.0.1 at 2011-01-08 13:32:08) [GET]
  Parameters: {"id"=>"1"}
  [4;36;1mPost Load (0.4ms)[0m   [0;1mSELECT * FROM "posts" WHERE ("posts"."id" = 1) [0m
Rendering template within layouts/posts
Rendering posts/show
Completed in 13ms (View: 5, DB: 0) | 200 OK [http://localhost/posts/1]


Processing PostsController#show (for 127.0.0.1 at 2011-01-08 13:32:52) [GET]
  Parameters: {"id"=>"1"}
  [4;35;1mPost Load (0.4ms)[0m   [0mSELECT * FROM "posts" WHERE ("posts"."id" = 1) [0m
Rendering template within layouts/posts
Rendering posts/show
Completed in 24ms (View: 6, DB: 0) | 200 OK [http://localhost/posts/1]


Processing PostsController#show (for 127.0.0.1 at 2011-01-08 13:32:54) [GET]
  Parameters: {"id"=>"1"}
  [4;36;1mPost Load (0.5ms)[0m   [0;1mSELECT * FROM "posts" WHERE ("posts"."id" = 1) [0m
Rendering template within layouts/posts
Rendering posts/show
Completed in 20ms (View: 5, DB: 0) | 200 OK [http://localhost/posts/1]
